\BOOKMARK [1][-]{section.1}{\376\377\000U\000v\000o\000d}{}% 1
\BOOKMARK [1][-]{section.2}{\376\377\000N\000e\000u\000r\000o\000n\000s\000k\000e\000\040\000m\000r\000e\001\176\000e}{}% 2
\BOOKMARK [2][-]{subsection.2.1}{\376\377\000U\000n\000u\000t\000r\000a\001\141\000n\000j\000a\000\040\000s\000t\000r\000u\000k\000t\000u\000r\000a\000\040\000n\000e\000u\000r\000o\000n\000s\000k\000i\000h\000\040\000m\000r\000e\001\176\000a}{section.2}% 3
\BOOKMARK [2][-]{subsection.2.2}{\376\377\000Z\000a\000d\000a\000c\000i\000\040\000p\000r\000e\000p\000o\000z\000n\000a\000v\000a\000n\000j\000a\000\040\000i\000\040\000u\000v\000o\001\021\000e\000n\000j\000e\000\040\000C\000N\000N}{section.2}% 4
\BOOKMARK [1][-]{section.3}{\376\377\000K\000o\000n\000v\000o\000l\000u\000t\000i\000v\000n\000e\000\040\000n\000e\000u\000r\000o\000n\000s\000k\000e\000\040\000m\000r\000e\001\176\000e\000\040\000\050\000C\000N\000N\000\051}{}% 5
\BOOKMARK [2][-]{subsection.3.1}{\376\377\000P\000a\000r\000a\000m\000e\000t\000r\000i}{section.3}% 6
\BOOKMARK [2][-]{subsection.3.2}{\376\377\000K\000o\000n\000v\000o\000l\000u\000c\000i\000j\000a\000\040\000s\000l\000i\000k\000a\000\040\000p\000r\000e\000k\000o\000\040\000C\000N\000N}{section.3}% 7
\BOOKMARK [2][-]{subsection.3.3}{\376\377\000U\000n\000u\000t\000r\000a\001\141\000n\000j\000a\000\040\000s\000t\000r\000u\000k\000t\000u\000r\000a\000\040\000C\000N\000N}{section.3}% 8
\BOOKMARK [2][-]{subsection.3.4}{\376\377\000K\000o\000n\000v\000o\000l\000u\000t\000i\000v\000n\000i\000\040\000s\000l\000o\000j}{section.3}% 9
\BOOKMARK [3][-]{subsubsection.3.4.1}{\376\377\000P\000r\000o\001\141\000i\000r\000i\000v\000a\000n\000j\000e}{subsection.3.4}% 10
\BOOKMARK [3][-]{subsubsection.3.4.2}{\376\377\000A\000k\000t\000i\000v\000a\000c\000i\000o\000n\000a\000\040\000f\000u\000n\000k\000c\000i\000j\000a}{subsection.3.4}% 11
\BOOKMARK [2][-]{subsection.3.5}{\376\377\000S\000l\000o\000j\000\040\000a\000g\000r\000e\000g\000a\000c\000i\000j\000e}{section.3}% 12
\BOOKMARK [2][-]{subsection.3.6}{\376\377\000P\000o\000t\000p\000u\000n\000o\000\040\000p\000o\000v\000e\000z\000a\000n\000i\000\040\000s\000l\000o\000j}{section.3}% 13
\BOOKMARK [2][-]{subsection.3.7}{\376\377\000O\000p\000t\000i\000m\000i\000z\000a\000c\000i\000j\000a\000\040\000m\000r\000e\001\176\000e}{section.3}% 14
\BOOKMARK [1][-]{section.4}{\376\377\000I\000m\000p\000l\000e\000m\000e\000n\000t\000a\000c\000i\000j\000a\000\040\000i\000\040\000e\000k\000s\000p\000e\000r\000i\000m\000e\000n\000t\000a\000l\000n\000i\000\040\000r\000e\000z\000u\000l\000t\000a\000t\000i}{}% 15
\BOOKMARK [2][-]{subsection.4.1}{\376\377\000M\000o\000d\000e\000l\000\040\0001}{section.4}% 16
\BOOKMARK [2][-]{subsection.4.2}{\376\377\000M\000o\000d\000e\000l\000\040\0002\000:\000\040\000L\000e\000N\000e\000t\000-\0005}{section.4}% 17
\BOOKMARK [2][-]{subsection.4.3}{\376\377\000M\000o\000d\000e\000l\000\040\0003\000:\000\040\000A\000l\000e\000x\000N\000e\000t}{section.4}% 18
\BOOKMARK [2][-]{subsection.4.4}{\376\377\000A\000n\000a\000l\000i\000z\000a\000\040\000m\000o\000d\000e\000l\000a}{section.4}% 19
\BOOKMARK [1][-]{section.5}{\376\377\000Z\000a\000k\000l\000j\000u\001\015\000a\000k}{}% 20
\BOOKMARK [1][-]{section.5}{\376\377\000L\000i\000t\000e\000r\000a\000t\000u\000r\000a}{}% 21
