This is pdfTeX, Version 3.14159265-2.6-1.40.19 (MiKTeX 2.9.6930 64-bit) (preloaded format=pdflatex 2019.2.28)  22 MAY 2019 20:38
entering extended mode
**./Prepoznavanje_saobracajnih_znakova_koristeci_CNN_JanaJovicic_JovanaPejkic.t
ex
(Prepoznavanje_saobracajnih_znakova_koristeci_CNN_JanaJovicic_JovanaPejkic.tex
LaTeX2e <2018-12-01>
("C:\Users\jovan\AppData\Local\Programs\MiKTeX 2.9\tex/latex/base\article.cls"
Document Class: article 2018/09/03 v1.4i Standard LaTeX document class
("C:\Users\jovan\AppData\Local\Programs\MiKTeX 2.9\tex/latex/base\size10.clo"
File: size10.clo 2018/09/03 v1.4i Standard LaTeX file (size option)
)
\c@part=\count80
\c@section=\count81
\c@subsection=\count82
\c@subsubsection=\count83
\c@paragraph=\count84
\c@subparagraph=\count85
\c@figure=\count86
\c@table=\count87
\abovecaptionskip=\skip41
\belowcaptionskip=\skip42
\bibindent=\dimen102
) ("C:\Users\jovan\AppData\Local\Programs\MiKTeX 2.9\tex/latex/graphics\color.s
ty"
Package: color 2016/07/10 v1.1e Standard LaTeX Color (DPC)

("C:\Users\jovan\AppData\Local\Programs\MiKTeX 2.9\tex/latex/graphics-cfg\color
.cfg"
File: color.cfg 2016/01/02 v1.6 sample color configuration
)
Package color Info: Driver file: pdftex.def on input line 147.

("C:\Users\jovan\AppData\Local\Programs\MiKTeX 2.9\tex/latex/graphics-def\pdfte
x.def"
File: pdftex.def 2018/01/08 v1.0l Graphics/color driver for pdftex
))
("C:\Users\jovan\AppData\Local\Programs\MiKTeX 2.9\tex/latex/url\url.sty"
\Urlmuskip=\muskip10
Package: url 2013/09/16  ver 3.4  Verb mode for urls, etc.
)
("C:\Users\jovan\AppData\Local\Programs\MiKTeX 2.9\tex/latex/base\inputenc.sty"
Package: inputenc 2018/08/11 v1.3c Input encoding file
\inpenc@prehook=\toks14
\inpenc@posthook=\toks15
)
("C:\Users\jovan\AppData\Local\Programs\MiKTeX 2.9\tex/latex/graphics\graphicx.
sty"
Package: graphicx 2017/06/01 v1.1a Enhanced LaTeX Graphics (DPC,SPQR)

("C:\Users\jovan\AppData\Local\Programs\MiKTeX 2.9\tex/latex/graphics\keyval.st
y"
Package: keyval 2014/10/28 v1.15 key=value parser (DPC)
\KV@toks@=\toks16
)
("C:\Users\jovan\AppData\Local\Programs\MiKTeX 2.9\tex/latex/graphics\graphics.
sty"
Package: graphics 2017/06/25 v1.2c Standard LaTeX Graphics (DPC,SPQR)

("C:\Users\jovan\AppData\Local\Programs\MiKTeX 2.9\tex/latex/graphics\trig.sty"
Package: trig 2016/01/03 v1.10 sin cos tan (DPC)
)
("C:\Users\jovan\AppData\Local\Programs\MiKTeX 2.9\tex/latex/graphics-cfg\graph
ics.cfg"
File: graphics.cfg 2016/06/04 v1.11 sample graphics configuration
)
Package graphics Info: Driver file: pdftex.def on input line 99.
)
\Gin@req@height=\dimen103
\Gin@req@width=\dimen104
)
("C:\Users\jovan\AppData\Local\Programs\MiKTeX 2.9\tex/generic/babel\babel.sty"
Package: babel 2018/11/13 3.27 The Babel package
("C:\Users\jovan\AppData\Local\Programs\MiKTeX 2.9\tex/generic/babel\switch.def
"
File: switch.def 2018/11/13 3.27 Babel switching mechanism
)
*************************************
* Local config file bblopts.cfg used
*
("C:\Users\jovan\AppData\Local\Programs\MiKTeX 2.9\tex/latex/arabi\bblopts.cfg"
File: bblopts.cfg 2005/09/08 v0.1 add Arabic and Farsi to "declared" options of
 babel
)
("C:\Users\jovan\AppData\Local\Programs\MiKTeX 2.9\tex/latex/babel-english\engl
ish.ldf"
Language: english 2017/06/06 v3.3r English support from the babel system

("C:\Users\jovan\AppData\Local\Programs\MiKTeX 2.9\tex/generic/babel\babel.def"
File: babel.def 2018/11/13 3.27 Babel common definitions
\babel@savecnt=\count88
\U@D=\dimen105

("C:\Users\jovan\AppData\Local\Programs\MiKTeX 2.9\tex/generic/babel\txtbabel.d
ef")
\bbl@dirlevel=\count89
)
\l@canadian = a dialect from \language\l@american 
\l@australian = a dialect from \language\l@british 
\l@newzealand = a dialect from \language\l@british 
)
("C:\Users\jovan\AppData\Local\Programs\MiKTeX 2.9\tex/latex/babel-serbian\serb
ian.ldf"
Language: serbian 2005/03/31 v1.0d Serbocroatian support from the babel system
Package babel Info: Making " an active character on input line 73.
))
("C:\Users\jovan\AppData\Local\Programs\MiKTeX 2.9\tex/latex/hyperref\hyperref.
sty"
Package: hyperref 2018/11/30 v6.88e Hypertext links for LaTeX

("C:\Users\jovan\AppData\Local\Programs\MiKTeX 2.9\tex/generic/oberdiek\hobsub-
hyperref.sty"
Package: hobsub-hyperref 2016/05/16 v1.14 Bundle oberdiek, subset hyperref (HO)


("C:\Users\jovan\AppData\Local\Programs\MiKTeX 2.9\tex/generic/oberdiek\hobsub-
generic.sty"
Package: hobsub-generic 2016/05/16 v1.14 Bundle oberdiek, subset generic (HO)
Package: hobsub 2016/05/16 v1.14 Construct package bundles (HO)
Package: infwarerr 2016/05/16 v1.4 Providing info/warning/error messages (HO)
Package: ltxcmds 2016/05/16 v1.23 LaTeX kernel commands for general use (HO)
Package: ifluatex 2016/05/16 v1.4 Provides the ifluatex switch (HO)
Package ifluatex Info: LuaTeX not detected.
Package: ifvtex 2016/05/16 v1.6 Detect VTeX and its facilities (HO)
Package ifvtex Info: VTeX not detected.
Package: intcalc 2016/05/16 v1.2 Expandable calculations with integers (HO)
Package: ifpdf 2018/09/07 v3.3 Provides the ifpdf switch
Package: etexcmds 2016/05/16 v1.6 Avoid name clashes with e-TeX commands (HO)
Package: kvsetkeys 2016/05/16 v1.17 Key value parser (HO)
Package: kvdefinekeys 2016/05/16 v1.4 Define keys (HO)
Package: pdftexcmds 2018/09/10 v0.29 Utility functions of pdfTeX for LuaTeX (HO
)
Package pdftexcmds Info: LuaTeX not detected.
Package pdftexcmds Info: \pdf@primitive is available.
Package pdftexcmds Info: \pdf@ifprimitive is available.
Package pdftexcmds Info: \pdfdraftmode found.
Package: pdfescape 2016/05/16 v1.14 Implements pdfTeX's escape features (HO)
Package: bigintcalc 2016/05/16 v1.4 Expandable calculations on big integers (HO
)
Package: bitset 2016/05/16 v1.2 Handle bit-vector datatype (HO)
Package: uniquecounter 2016/05/16 v1.3 Provide unlimited unique counter (HO)
)
Package hobsub Info: Skipping package `hobsub' (already loaded).
Package: letltxmacro 2016/05/16 v1.5 Let assignment for LaTeX macros (HO)
Package: hopatch 2016/05/16 v1.3 Wrapper for package hooks (HO)
Package: xcolor-patch 2016/05/16 xcolor patch
Package: atveryend 2016/05/16 v1.9 Hooks at the very end of document (HO)
Package atveryend Info: \enddocument detected (standard20110627).
Package: atbegshi 2016/06/09 v1.18 At begin shipout hook (HO)
Package: refcount 2016/05/16 v3.5 Data extraction from label references (HO)
Package: hycolor 2016/05/16 v1.8 Color options for hyperref/bookmark (HO)
)
("C:\Users\jovan\AppData\Local\Programs\MiKTeX 2.9\tex/generic/ifxetex\ifxetex.
sty"
Package: ifxetex 2010/09/12 v0.6 Provides ifxetex conditional
)
("C:\Users\jovan\AppData\Local\Programs\MiKTeX 2.9\tex/latex/oberdiek\auxhook.s
ty"
Package: auxhook 2016/05/16 v1.4 Hooks for auxiliary files (HO)
)
("C:\Users\jovan\AppData\Local\Programs\MiKTeX 2.9\tex/latex/oberdiek\kvoptions
.sty"
Package: kvoptions 2016/05/16 v3.12 Key value format for package options (HO)
)
\@linkdim=\dimen106
\Hy@linkcounter=\count90
\Hy@pagecounter=\count91

("C:\Users\jovan\AppData\Local\Programs\MiKTeX 2.9\tex/latex/hyperref\pd1enc.de
f"
File: pd1enc.def 2018/11/30 v6.88e Hyperref: PDFDocEncoding definition (HO)
Now handling font encoding PD1 ...
... no UTF-8 mapping file for font encoding PD1
)
\Hy@SavedSpaceFactor=\count92

("C:\Users\jovan\AppData\Local\Programs\MiKTeX 2.9\tex/latex/00miktex\hyperref.
cfg"
File: hyperref.cfg 2002/06/06 v1.2 hyperref configuration of TeXLive
)
Package hyperref Info: Option `unicode' set `true' on input line 4393.

("C:\Users\jovan\AppData\Local\Programs\MiKTeX 2.9\tex/latex/hyperref\puenc.def
"
File: puenc.def 2018/11/30 v6.88e Hyperref: PDF Unicode definition (HO)
Now handling font encoding PU ...
... no UTF-8 mapping file for font encoding PU
)
Package hyperref Info: Hyper figures OFF on input line 4519.
Package hyperref Info: Link nesting OFF on input line 4524.
Package hyperref Info: Hyper index ON on input line 4527.
Package hyperref Info: Plain pages OFF on input line 4534.
Package hyperref Info: Backreferencing OFF on input line 4539.
Package hyperref Info: Implicit mode ON; LaTeX internals redefined.
Package hyperref Info: Bookmarks ON on input line 4772.
\c@Hy@tempcnt=\count93
LaTeX Info: Redefining \url on input line 5125.
\XeTeXLinkMargin=\dimen107
\Fld@menulength=\count94
\Field@Width=\dimen108
\Fld@charsize=\dimen109
Package hyperref Info: Hyper figures OFF on input line 6380.
Package hyperref Info: Link nesting OFF on input line 6385.
Package hyperref Info: Hyper index ON on input line 6388.
Package hyperref Info: backreferencing OFF on input line 6395.
Package hyperref Info: Link coloring OFF on input line 6400.
Package hyperref Info: Link coloring with OCG OFF on input line 6405.
Package hyperref Info: PDF/A mode OFF on input line 6410.
LaTeX Info: Redefining \ref on input line 6450.
LaTeX Info: Redefining \pageref on input line 6454.
\Hy@abspage=\count95
\c@Item=\count96
\c@Hfootnote=\count97
)
Package hyperref Info: Driver (autodetected): hpdftex.

("C:\Users\jovan\AppData\Local\Programs\MiKTeX 2.9\tex/latex/hyperref\hpdftex.d
ef"
File: hpdftex.def 2018/11/30 v6.88e Hyperref driver for pdfTeX
\Fld@listcount=\count98
\c@bookmark@seq@number=\count99

("C:\Users\jovan\AppData\Local\Programs\MiKTeX 2.9\tex/latex/oberdiek\rerunfile
check.sty"
Package: rerunfilecheck 2016/05/16 v1.8 Rerun checks for auxiliary files (HO)
Package uniquecounter Info: New unique counter `rerunfilecheck' on input line 2
82.
)
\Hy@SectionHShift=\skip43
)
Package hyperref Info: Option `colorlinks' set `true' on input line 17.

("C:\Users\jovan\AppData\Local\Programs\MiKTeX 2.9\tex/latex/listings\listings.
sty"
\lst@mode=\count100
\lst@gtempboxa=\box27
\lst@token=\toks17
\lst@length=\count101
\lst@currlwidth=\dimen110
\lst@column=\count102
\lst@pos=\count103
\lst@lostspace=\dimen111
\lst@width=\dimen112
\lst@newlines=\count104
\lst@lineno=\count105
\lst@maxwidth=\dimen113

("C:\Users\jovan\AppData\Local\Programs\MiKTeX 2.9\tex/latex/listings\lstmisc.s
ty"
File: lstmisc.sty 2019/02/27 1.8b (Carsten Heinz)
\c@lstnumber=\count106
\lst@skipnumbers=\count107
\lst@framebox=\box28
)
("C:\Users\jovan\AppData\Local\Programs\MiKTeX 2.9\tex/latex/listings\listings.
cfg"
File: listings.cfg 2019/02/27 1.8b listings configuration
))
Package: listings 2019/02/27 1.8b (Carsten Heinz)

("C:\Users\jovan\AppData\Local\Programs\MiKTeX 2.9\tex/latex/amsmath\amsmath.st
y"
Package: amsmath 2018/12/01 v2.17b AMS math features
\@mathmargin=\skip44

For additional information on amsmath, use the `?' option.

("C:\Users\jovan\AppData\Local\Programs\MiKTeX 2.9\tex/latex/amsmath\amstext.st
y"
Package: amstext 2000/06/29 v2.01 AMS text

("C:\Users\jovan\AppData\Local\Programs\MiKTeX 2.9\tex/latex/amsmath\amsgen.sty
"
File: amsgen.sty 1999/11/30 v2.0 generic functions
\@emptytoks=\toks18
\ex@=\dimen114
))
("C:\Users\jovan\AppData\Local\Programs\MiKTeX 2.9\tex/latex/amsmath\amsbsy.sty
"
Package: amsbsy 1999/11/29 v1.2d Bold Symbols
\pmbraise@=\dimen115
)
("C:\Users\jovan\AppData\Local\Programs\MiKTeX 2.9\tex/latex/amsmath\amsopn.sty
"
Package: amsopn 2016/03/08 v2.02 operator names
)
\inf@bad=\count108
LaTeX Info: Redefining \frac on input line 223.
\uproot@=\count109
\leftroot@=\count110
LaTeX Info: Redefining \overline on input line 385.
\classnum@=\count111
\DOTSCASE@=\count112
LaTeX Info: Redefining \ldots on input line 482.
LaTeX Info: Redefining \dots on input line 485.
LaTeX Info: Redefining \cdots on input line 606.
\Mathstrutbox@=\box29
\strutbox@=\box30
\big@size=\dimen116
LaTeX Font Info:    Redeclaring font encoding OML on input line 729.
LaTeX Font Info:    Redeclaring font encoding OMS on input line 730.
\macc@depth=\count113
\c@MaxMatrixCols=\count114
\dotsspace@=\muskip11
\c@parentequation=\count115
\dspbrk@lvl=\count116
\tag@help=\toks19
\row@=\count117
\column@=\count118
\maxfields@=\count119
\andhelp@=\toks20
\eqnshift@=\dimen117
\alignsep@=\dimen118
\tagshift@=\dimen119
\tagwidth@=\dimen120
\totwidth@=\dimen121
\lineht@=\dimen122
\@envbody=\toks21
\multlinegap=\skip45
\multlinetaggap=\skip46
\mathdisplay@stack=\toks22
LaTeX Info: Redefining \[ on input line 2844.
LaTeX Info: Redefining \] on input line 2845.
)
("C:\Users\jovan\AppData\Local\Programs\MiKTeX 2.9\tex/latex/amsfonts\amssymb.s
ty"
Package: amssymb 2013/01/14 v3.01 AMS font symbols

("C:\Users\jovan\AppData\Local\Programs\MiKTeX 2.9\tex/latex/amsfonts\amsfonts.
sty"
Package: amsfonts 2013/01/14 v3.01 Basic AMSFonts support
\symAMSa=\mathgroup4
\symAMSb=\mathgroup5
LaTeX Font Info:    Overwriting math alphabet `\mathfrak' in version `bold'
(Font)                  U/euf/m/n --> U/euf/b/n on input line 106.
))
\c@primer=\count120

("C:\Users\jovan\AppData\Local\Programs\MiKTeX 2.9\tex/latex/listings\lstlang1.
sty"
File: lstlang1.sty 2019/02/27 1.8b listings language file
)
(Prepoznavanje_saobracajnih_znakova_koristeci_CNN_JanaJovicic_JovanaPejkic.aux)
\openout1 = `Prepoznavanje_saobracajnih_znakova_koristeci_CNN_JanaJovicic_Jovan
aPejkic.aux'.

LaTeX Font Info:    Checking defaults for OML/cmm/m/it on input line 60.
LaTeX Font Info:    ... okay on input line 60.
LaTeX Font Info:    Checking defaults for T1/cmr/m/n on input line 60.
LaTeX Font Info:    ... okay on input line 60.
LaTeX Font Info:    Checking defaults for OT1/cmr/m/n on input line 60.
LaTeX Font Info:    ... okay on input line 60.
LaTeX Font Info:    Checking defaults for OMS/cmsy/m/n on input line 60.
LaTeX Font Info:    ... okay on input line 60.
LaTeX Font Info:    Checking defaults for OMX/cmex/m/n on input line 60.
LaTeX Font Info:    ... okay on input line 60.
LaTeX Font Info:    Checking defaults for U/cmr/m/n on input line 60.
LaTeX Font Info:    ... okay on input line 60.
LaTeX Font Info:    Checking defaults for PD1/pdf/m/n on input line 60.
LaTeX Font Info:    ... okay on input line 60.
LaTeX Font Info:    Checking defaults for PU/pdf/m/n on input line 60.
LaTeX Font Info:    ... okay on input line 60.

("C:\Users\jovan\AppData\Local\Programs\MiKTeX 2.9\tex/context/base/mkii\supp-p
df.mkii"
[Loading MPS to PDF converter (version 2006.09.02).]
\scratchcounter=\count121
\scratchdimen=\dimen123
\scratchbox=\box31
\nofMPsegments=\count122
\nofMParguments=\count123
\everyMPshowfont=\toks23
\MPscratchCnt=\count124
\MPscratchDim=\dimen124
\MPnumerator=\count125
\makeMPintoPDFobject=\count126
\everyMPtoPDFconversion=\toks24
)
("C:\Users\jovan\AppData\Local\Programs\MiKTeX 2.9\tex/latex/oberdiek\epstopdf-
base.sty"
Package: epstopdf-base 2016/05/15 v2.6 Base part for package epstopdf

("C:\Users\jovan\AppData\Local\Programs\MiKTeX 2.9\tex/latex/oberdiek\grfext.st
y"
Package: grfext 2016/05/16 v1.2 Manage graphics extensions (HO)
)
Package epstopdf-base Info: Redefining graphics rule for `.eps' on input line 4
38.
Package grfext Info: Graphics extension search list:
(grfext)             [.pdf,.png,.jpg,.mps,.jpeg,.jbig2,.jb2,.PDF,.PNG,.JPG,.JPE
G,.JBIG2,.JB2,.eps]
(grfext)             \AppendGraphicsExtensions on input line 456.
)
\AtBeginShipoutBox=\box32
Package hyperref Info: Link coloring ON on input line 60.

("C:\Users\jovan\AppData\Local\Programs\MiKTeX 2.9\tex/latex/hyperref\nameref.s
ty"
Package: nameref 2016/05/21 v2.44 Cross-referencing by name of section

("C:\Users\jovan\AppData\Local\Programs\MiKTeX 2.9\tex/generic/oberdiek\gettitl
estring.sty"
Package: gettitlestring 2016/05/16 v1.5 Cleanup title references (HO)
)
\c@section@level=\count127
)
LaTeX Info: Redefining \ref on input line 60.
LaTeX Info: Redefining \pageref on input line 60.
LaTeX Info: Redefining \nameref on input line 60.

(Prepoznavanje_saobracajnih_znakova_koristeci_CNN_JanaJovicic_JovanaPejkic.out)
(Prepoznavanje_saobracajnih_znakova_koristeci_CNN_JanaJovicic_JovanaPejkic.out)
\@outlinefile=\write3
\openout3 = `Prepoznavanje_saobracajnih_znakova_koristeci_CNN_JanaJovicic_Jovan
aPejkic.out'.

\c@lstlisting=\count128
LaTeX Font Info:    Try loading font information for U+msa on input line 69.
("C:\Users\jovan\AppData\Local\Programs\MiKTeX 2.9\tex/latex/amsfonts\umsa.fd"
File: umsa.fd 2013/01/14 v3.01 AMS symbols A
)
LaTeX Font Info:    Try loading font information for U+msb on input line 69.
("C:\Users\jovan\AppData\Local\Programs\MiKTeX 2.9\tex/latex/amsfonts\umsb.fd"
File: umsb.fd 2013/01/14 v3.01 AMS symbols B
) [1

{C:/Users/jovan/AppData/Local/MiKTeX/2.9/pdftex/config/pdftex.map}]
(Prepoznavanje_saobracajnih_znakova_koristeci_CNN_JanaJovicic_JovanaPejkic.toc)
\tf@toc=\write4
\openout4 = `Prepoznavanje_saobracajnih_znakova_koristeci_CNN_JanaJovicic_Jovan
aPejkic.toc'.

[2]
Overfull \hbox (6.56163pt too wide) in paragraph at lines 87--88
[]\OT1/cmr/m/n/9 Postoje mnogi al-go-ritmi koji se ko-ri-ste za kla-si-fi-ka-ci
ju slika (npr. SVM[][][][][]),
 []

[3]
<neural_network_layers.jpeg, id=127, 189.20688pt x 193.72375pt>
File: neural_network_layers.jpeg Graphic file (type jpg)
<use neural_network_layers.jpeg>
Package pdftex.def Info: neural_network_layers.jpeg  used on input line 114.
(pdftex.def)             Requested size: 189.2064pt x 193.72327pt.
 [4 <./neural_network_layers.jpeg>]
Overfull \hbox (25.33897pt too wide) in paragraph at lines 121--121
[]\OT1/cmr/bx/n/12 Razlog uvo-dje-nja kon-vo-lu-tiv-nih ne-u-ron-skih mreza 
 []


Overfull \hbox (6.47298pt too wide) in paragraph at lines 129--130
[]\OT1/cmr/m/n/9 Konvolutivne ne-u-ron-ske mreze pred-sta-vljaju pod-klasu ne-
u-ron-skih mreza
 []

[5]
Overfull \hbox (24.86894pt too wide) in paragraph at lines 142--172
 [] 
 []

[6]
<filter_movement01.jpg, id=157, 426.393pt x 488.5452pt>
File: filter_movement01.jpg Graphic file (type jpg)
<use filter_movement01.jpg>
Package pdftex.def Info: filter_movement01.jpg  used on input line 186.
(pdftex.def)             Requested size: 170.55417pt x 195.41461pt.
<edges.png, id=158, 279.54437pt x 167.12437pt>
File: edges.png Graphic file (type png)
<use edges.png>
Package pdftex.def Info: edges.png  used on input line 195.
(pdftex.def)             Requested size: 279.54367pt x 167.12395pt.
 [7 <./filter_movement01.jpg> <./edges.png>]
<learning.jpg, id=169, 294.60063pt x 122.95938pt>
File: learning.jpg Graphic file (type jpg)
<use learning.jpg>
Package pdftex.def Info: learning.jpg  used on input line 205.
(pdftex.def)             Requested size: 265.1381pt x 110.6624pt.
<cnn_layers.jpg, id=176, 513.92pt x 140.02313pt>
File: cnn_layers.jpg Graphic file (type jpg)
<use cnn_layers.jpg>
Package pdftex.def Info: cnn_layers.jpg  used on input line 219.
(pdftex.def)             Requested size: 318.62709pt x 86.81343pt.
 [8 <./learning.jpg> <./cnn_layers.jpg>]
LaTeX Font Info:    Try loading font information for OMS+cmr on input line 229.


("C:\Users\jovan\AppData\Local\Programs\MiKTeX 2.9\tex/latex/base\omscmr.fd"
File: omscmr.fd 2014/09/29 v2.5h Standard LaTeX font definitions
)
LaTeX Font Info:    Font shape `OMS/cmr/m/n' in size <9> not available
(Font)              Font shape `OMS/cmsy/m/n' tried instead on input line 229.

[9]
<convolution.png, id=198, 340.27126pt x 231.86626pt>
File: convolution.png Graphic file (type png)
<use convolution.png>
Package pdftex.def Info: convolution.png  used on input line 260.
(pdftex.def)             Requested size: 306.24129pt x 208.67769pt.
<padding.png, id=202, 722.7pt x 286.57062pt>
File: padding.png Graphic file (type png)
<use padding.png>
Package pdftex.def Info: padding.png  used on input line 271.
(pdftex.def)             Requested size: 274.62885pt x 108.89796pt.


LaTeX Warning: `!h' float specifier changed to `!ht'.

[10 <./convolution.png>]
<relu2.png, id=213, 345.29pt x 285.065pt>
File: relu2.png Graphic file (type png)
<use relu2.png>
Package pdftex.def Info: relu2.png  used on input line 285.
(pdftex.def)             Requested size: 131.21155pt x 108.32582pt.
<relu1.jpg, id=214, 1195.46625pt x 489.83pt>
File: relu1.jpg Graphic file (type jpg)
<use relu1.jpg>
Package pdftex.def Info: relu1.jpg  used on input line 294.
(pdftex.def)             Requested size: 239.089pt x 97.96426pt.
 [11 <./padding.png> <./relu2.png> <./relu1.jpg>]
<pool.jpeg, id=224, 386.94562pt x 305.64188pt>
File: pool.jpeg Graphic file (type jpg)
<use pool.jpeg>
Package pdftex.def Info: pool.jpeg  used on input line 316.
(pdftex.def)             Requested size: 154.7755pt x 122.25458pt.

[12 <./pool.jpeg>]
<maxpool.jpeg, id=231, 592.46344pt x 277.035pt>
File: maxpool.jpeg Graphic file (type jpg)
<use maxpool.jpeg>
Package pdftex.def Info: maxpool.jpeg  used on input line 326.
(pdftex.def)             Requested size: 236.98117pt x 110.81203pt.
 [13 <./maxpool.jpeg>]
<trening_skup.png, id=241, 1269.74374pt x 743.77875pt>
File: trening_skup.png Graphic file (type png)
<use trening_skup.png>
Package pdftex.def Info: trening_skup.png  used on input line 353.
(pdftex.def)             Requested size: 317.43515pt x 185.94423pt.
<test_skup.png, id=242, 1121.18875pt x 745.78625pt>
File: test_skup.png Graphic file (type png)
<use test_skup.png>
Package pdftex.def Info: test_skup.png  used on input line 361.
(pdftex.def)             Requested size: 280.2965pt x 186.4461pt.


LaTeX Warning: `!h' float specifier changed to `!ht'.

[14 <./trening_skup.png>]
Package hyperref Info: bookmark level for unknown lstlisting defaults to 0 on i
nput line 377.
 [15 <./test_skup.png>]
Overfull \hbox (3.99431pt too wide) in paragraph at lines 426--427
[][][][][][][][][][][][][][][][][][][][][][][][][][][][][][][][][][][][][][][][
] 
 []

<model1_arhitektura.png, id=292, 599.23875pt x 515.9275pt>
File: model1_arhitektura.png Graphic file (type png)
<use model1_arhitektura.png>
Package pdftex.def Info: model1_arhitektura.png  used on input line 432.
(pdftex.def)             Requested size: 269.65494pt x 232.16522pt.
<model1_trening_acc.png, id=295, 1178.4025pt x 107.40125pt>
File: model1_trening_acc.png Graphic file (type png)
<use model1_trening_acc.png>
Package pdftex.def Info: model1_trening_acc.png  used on input line 442.
(pdftex.def)             Requested size: 412.44705pt x 37.59099pt.

Overfull \hbox (67.44705pt too wide) in paragraph at lines 442--443
 [] 
 []

<model1_test_acc.png, id=296, 495.8525pt x 538.01pt>
File: model1_test_acc.png Graphic file (type png)
<use model1_test_acc.png>
Package pdftex.def Info: model1_test_acc.png  used on input line 450.
(pdftex.def)             Requested size: 223.13156pt x 242.10226pt.

LaTeX Warning: `!h' float specifier changed to `!ht'.

<accuracy_1.png, id=297, 642.4pt x 481.8pt>
File: accuracy_1.png Graphic file (type png)
<use accuracy_1.png>
Package pdftex.def Info: accuracy_1.png  used on input line 462.
(pdftex.def)             Requested size: 321.19922pt x 240.8994pt.

LaTeX Warning: `!h' float specifier changed to `!ht'.

<loss_1.png, id=298, 642.4pt x 481.8pt>
File: loss_1.png Graphic file (type png)
<use loss_1.png>
Package pdftex.def Info: loss_1.png  used on input line 470.
(pdftex.def)             Requested size: 321.19922pt x 240.8994pt.

LaTeX Warning: `!h' float specifier changed to `!ht'.

<confussion_matrix_1.png, id=299, 458.46281pt x 327.47343pt>
File: confussion_matrix_1.png Graphic file (type png)
<use confussion_matrix_1.png>
Package pdftex.def Info: confussion_matrix_1.png  used on input line 478.
(pdftex.def)             Requested size: 275.0798pt x 196.48558pt.

LaTeX Warning: `!h' float specifier changed to `!ht'.

[16 <./model1_arhitektura.png> <./model1_trening_acc.png>] [17 <./model1_test_a
cc.png> <./accuracy_1.png>] [18 <./loss_1.png> <./confussion_matrix_1.png>]
Overfull \hbox (3.99431pt too wide) in paragraph at lines 535--536
[][][][][][][][][][][][][][][][][][][][][][][][][][][][][][][][][][][][][][][][
] 
 []

<leNet_arhitektura.png, id=340, 633.36626pt x 496.85625pt>
File: leNet_arhitektura.png Graphic file (type png)
<use leNet_arhitektura.png>
Package pdftex.def Info: leNet_arhitektura.png  used on input line 541.
(pdftex.def)             Requested size: 285.01218pt x 223.58324pt.

LaTeX Warning: `!h' float specifier changed to `!ht'.

<leNet_trening_acc.png, id=343, 1143.27126pt x 113.42375pt>
File: leNet_trening_acc.png Graphic file (type png)
<use leNet_trening_acc.png>
Package pdftex.def Info: leNet_trening_acc.png  used on input line 552.
(pdftex.def)             Requested size: 400.15094pt x 39.6989pt.

Overfull \hbox (55.15094pt too wide) in paragraph at lines 552--553
 [] 
 []


LaTeX Warning: `!h' float specifier changed to `!ht'.

<leNet_test_acc.png, id=344, 504.88625pt x 537.00626pt>
File: leNet_test_acc.png Graphic file (type png)
<use leNet_test_acc.png>
Package pdftex.def Info: leNet_test_acc.png  used on input line 560.
(pdftex.def)             Requested size: 227.1967pt x 241.65057pt.

LaTeX Warning: `!h' float specifier changed to `!ht'.

[19] [20 <./leNet_arhitektura.png> <./leNet_trening_acc.png>]
(Prepoznavanje_saobracajnih_znakova_koristeci_CNN_JanaJovicic_JovanaPejkic.bbl)
[21 <./leNet_test_acc.png>]
Package atveryend Info: Empty hook `BeforeClearDocument' on input line 588.
Package atveryend Info: Empty hook `AfterLastShipout' on input line 588.

(Prepoznavanje_saobracajnih_znakova_koristeci_CNN_JanaJovicic_JovanaPejkic.aux)
Package atveryend Info: Executing hook `AtVeryEndDocument' on input line 588.
Package atveryend Info: Executing hook `AtEndAfterFileList' on input line 588.
Package rerunfilecheck Info: File `Prepoznavanje_saobracajnih_znakova_koristeci
_CNN_JanaJovicic_JovanaPejkic.out' has not changed.
(rerunfilecheck)             Checksum: F98DC13DE35AD9C2485F8865BF34C21A;2746.
Package atveryend Info: Empty hook `AtVeryVeryEnd' on input line 588.
 ) 
Here is how much of TeX's memory you used:
 12024 strings out of 492946
 168081 string characters out of 3126266
 459777 words of memory out of 3000000
 15614 multiletter control sequences out of 15000+200000
 15261 words of font info for 59 fonts, out of 3000000 for 9000
 1141 hyphenation exceptions out of 8191
 28i,13n,40p,1864b,2030s stack positions out of 5000i,500n,10000p,200000b,50000s
<C:/Users/jovan/AppData/Local/Programs/MiKTeX 2.9/fonts/type1/public/amsfonts
/cm/cmbx10.pfb><C:/Users/jovan/AppData/Local/Programs/MiKTeX 2.9/fonts/type1/pu
blic/amsfonts/cm/cmbx12.pfb><C:/Users/jovan/AppData/Local/Programs/MiKTeX 2.9/f
onts/type1/public/amsfonts/cm/cmbx9.pfb><C:/Users/jovan/AppData/Local/Programs/
MiKTeX 2.9/fonts/type1/public/amsfonts/cm/cmbxti10.pfb><C:/Users/jovan/AppData/
Local/Programs/MiKTeX 2.9/fonts/type1/public/amsfonts/cmextra/cmex9.pfb><C:/Use
rs/jovan/AppData/Local/Programs/MiKTeX 2.9/fonts/type1/public/amsfonts/cm/cmmi6
.pfb><C:/Users/jovan/AppData/Local/Programs/MiKTeX 2.9/fonts/type1/public/amsfo
nts/cm/cmmi9.pfb><C:/Users/jovan/AppData/Local/Programs/MiKTeX 2.9/fonts/type1/
public/amsfonts/cm/cmr10.pfb><C:/Users/jovan/AppData/Local/Programs/MiKTeX 2.9/
fonts/type1/public/amsfonts/cm/cmr12.pfb><C:/Users/jovan/AppData/Local/Programs
/MiKTeX 2.9/fonts/type1/public/amsfonts/cm/cmr17.pfb><C:/Users/jovan/AppData/Lo
cal/Programs/MiKTeX 2.9/fonts/type1/public/amsfonts/cm/cmr6.pfb><C:/Users/jovan
/AppData/Local/Programs/MiKTeX 2.9/fonts/type1/public/amsfonts/cm/cmr8.pfb><C:/
Users/jovan/AppData/Local/Programs/MiKTeX 2.9/fonts/type1/public/amsfonts/cm/cm
r9.pfb><C:/Users/jovan/AppData/Local/Programs/MiKTeX 2.9/fonts/type1/public/ams
fonts/cm/cmsy6.pfb><C:/Users/jovan/AppData/Local/Programs/MiKTeX 2.9/fonts/type
1/public/amsfonts/cm/cmsy9.pfb><C:/Users/jovan/AppData/Local/Programs/MiKTeX 2.
9/fonts/type1/public/amsfonts/cm/cmti10.pfb><C:/Users/jovan/AppData/Local/Progr
ams/MiKTeX 2.9/fonts/type1/public/amsfonts/cm/cmti8.pfb><C:/Users/jovan/AppData
/Local/Programs/MiKTeX 2.9/fonts/type1/public/amsfonts/cm/cmti9.pfb><C:/Users/j
ovan/AppData/Local/Programs/MiKTeX 2.9/fonts/type1/public/amsfonts/cm/cmtt8.pfb
><C:/Users/jovan/AppData/Local/Programs/MiKTeX 2.9/fonts/type1/public/amsfonts/
cm/cmtt9.pfb>
Output written on Prepoznavanje_saobracajnih_znakova_koristeci_CNN_JanaJovicic_
JovanaPejkic.pdf (21 pages, 2355094 bytes).
PDF statistics:
 505 PDF objects out of 1000 (max. 8388607)
 166 named destinations out of 1000 (max. 500000)
 255 words of extra memory for PDF output out of 10000 (max. 10000000)

